53320 : 2025-10-04 21:56:19,679 : INFO : telemetry.main : Attempt start. Configuration directory [C:\Users\User\.azure]. Cache directory [C:\Users\User\.azure\telemetry\20251004215618638].
53320 : 2025-10-04 21:56:19,680 : INFO : telemetry.records : 1 cache files to upload.
53320 : 2025-10-04 21:56:19,698 : INFO : telemetry.records : Processed file C:\Users\User\.azure\telemetry\20251004215618638\cache into 1 records.
53320 : 2025-10-04 21:56:19,700 : INFO : telemetry.records : Remove directory C:\Users\User\.azure\telemetry\20251004215618638
53320 : 2025-10-04 21:56:19,789 : INFO : telemetry.client : Accumulated 1 events. Flush the clients.
53320 : 2025-10-04 21:56:19,809 : INFO : telemetry.client : Flush client c4395b75-49cc-422c-bc95-c7d51aef5d46.
53320 : 2025-10-04 21:56:20,405 : INFO : telemetry.sender : Sending 4858 bytes
53320 : 2025-10-04 21:56:20,405 : INFO : telemetry.sender : Finish uploading in 0.595774 seconds.
59488 : 2025-10-04 21:58:36,674 : INFO : telemetry.main : Attempt start. Configuration directory [C:\Users\User\.azure]. Cache directory [C:\Users\User\.azure\telemetry\20251004215836218].
59488 : 2025-10-04 21:58:36,675 : INFO : telemetry.records : 1 cache files to upload.
59488 : 2025-10-04 21:58:36,700 : INFO : telemetry.records : Processed file C:\Users\User\.azure\telemetry\20251004215836218\cache into 1 records.
59488 : 2025-10-04 21:58:36,706 : INFO : telemetry.records : Remove directory C:\Users\User\.azure\telemetry\20251004215836218
59488 : 2025-10-04 21:58:36,804 : INFO : telemetry.client : Accumulated 1 events. Flush the clients.
59488 : 2025-10-04 21:58:36,804 : INFO : telemetry.client : Flush client c4395b75-49cc-422c-bc95-c7d51aef5d46.
59488 : 2025-10-04 21:58:37,123 : INFO : telemetry.sender : Sending 4847 bytes
59488 : 2025-10-04 21:58:37,123 : INFO : telemetry.sender : Finish uploading in 0.318326 seconds.
43336 : 2025-10-04 21:59:48,373 : INFO : telemetry.main : Attempt start. Configuration directory [C:\Users\User\.azure]. Cache directory [C:\Users\User\.azure\telemetry\20251004215947926].
43336 : 2025-10-04 21:59:48,374 : INFO : telemetry.records : 1 cache files to upload.
43336 : 2025-10-04 21:59:48,398 : INFO : telemetry.records : Processed file C:\Users\User\.azure\telemetry\20251004215947926\cache into 1 records.
43336 : 2025-10-04 21:59:48,399 : INFO : telemetry.records : Remove directory C:\Users\User\.azure\telemetry\20251004215947926
43336 : 2025-10-04 21:59:48,508 : INFO : telemetry.client : Accumulated 1 events. Flush the clients.
43336 : 2025-10-04 21:59:48,508 : INFO : telemetry.client : Flush client c4395b75-49cc-422c-bc95-c7d51aef5d46.
43336 : 2025-10-04 21:59:48,855 : INFO : telemetry.sender : Sending 4846 bytes
43336 : 2025-10-04 21:59:48,855 : INFO : telemetry.sender : Finish uploading in 0.346605 seconds.
46748 : 2025-10-04 22:01:25,841 : INFO : telemetry.main : Attempt start. Configuration directory [C:\Users\User\.azure]. Cache directory [C:\Users\User\.azure\telemetry\20251004220125345].
46748 : 2025-10-04 22:01:25,842 : INFO : telemetry.records : 1 cache files to upload.
46748 : 2025-10-04 22:01:25,869 : INFO : telemetry.records : Processed file C:\Users\User\.azure\telemetry\20251004220125345\cache into 1 records.
46748 : 2025-10-04 22:01:25,870 : INFO : telemetry.records : Remove directory C:\Users\User\.azure\telemetry\20251004220125345
46748 : 2025-10-04 22:01:25,986 : INFO : telemetry.client : Accumulated 1 events. Flush the clients.
46748 : 2025-10-04 22:01:25,986 : INFO : telemetry.client : Flush client c4395b75-49cc-422c-bc95-c7d51aef5d46.
46748 : 2025-10-04 22:01:26,279 : INFO : telemetry.sender : Sending 4741 bytes
46748 : 2025-10-04 22:01:26,279 : INFO : telemetry.sender : Finish uploading in 0.292168 seconds.
57544 : 2025-10-04 22:03:14,163 : INFO : telemetry.main : Attempt start. Configuration directory [C:\Users\User\.azure]. Cache directory [C:\Users\User\.azure\telemetry\20251004220313677].
57544 : 2025-10-04 22:03:14,164 : INFO : telemetry.records : 1 cache files to upload.
57544 : 2025-10-04 22:03:14,205 : INFO : telemetry.records : Processed file C:\Users\User\.azure\telemetry\20251004220313677\cache into 1 records.
57544 : 2025-10-04 22:03:14,206 : INFO : telemetry.records : Remove directory C:\Users\User\.azure\telemetry\20251004220313677
57544 : 2025-10-04 22:03:14,299 : INFO : telemetry.client : Accumulated 1 events. Flush the clients.
57544 : 2025-10-04 22:03:14,299 : INFO : telemetry.client : Flush client c4395b75-49cc-422c-bc95-c7d51aef5d46.
57544 : 2025-10-04 22:03:14,627 : INFO : telemetry.sender : Sending 4741 bytes
57544 : 2025-10-04 22:03:14,627 : INFO : telemetry.sender : Finish uploading in 0.327671 seconds.
20528 : 2025-10-04 22:03:40,263 : INFO : telemetry.main : Attempt start. Configuration directory [C:\Users\User\.azure]. Cache directory [C:\Users\User\.azure\telemetry\20251004220339818].
20528 : 2025-10-04 22:03:40,264 : INFO : telemetry.records : 1 cache files to upload.
20528 : 2025-10-04 22:03:40,286 : INFO : telemetry.records : Processed file C:\Users\User\.azure\telemetry\20251004220339818\cache into 1 records.
20528 : 2025-10-04 22:03:40,288 : INFO : telemetry.records : Remove directory C:\Users\User\.azure\telemetry\20251004220339818
20528 : 2025-10-04 22:03:40,358 : INFO : telemetry.client : Accumulated 1 events. Flush the clients.
20528 : 2025-10-04 22:03:40,359 : INFO : telemetry.client : Flush client c4395b75-49cc-422c-bc95-c7d51aef5d46.
20528 : 2025-10-04 22:03:40,679 : INFO : telemetry.sender : Sending 4075 bytes
20528 : 2025-10-04 22:03:40,680 : INFO : telemetry.sender : Finish uploading in 0.320598 seconds.
45464 : 2025-10-04 22:13:53,699 : INFO : telemetry.main : Attempt start. Configuration directory [C:\Users\User\.azure]. Cache directory [C:\Users\User\.azure\telemetry\20251004221353195].
45464 : 2025-10-04 22:13:53,699 : INFO : telemetry.records : 1 cache files to upload.
45464 : 2025-10-04 22:13:53,723 : INFO : telemetry.records : Processed file C:\Users\User\.azure\telemetry\20251004221353195\cache into 1 records.
45464 : 2025-10-04 22:13:53,724 : INFO : telemetry.records : Remove directory C:\Users\User\.azure\telemetry\20251004221353195
45464 : 2025-10-04 22:13:53,837 : INFO : telemetry.client : Accumulated 1 events. Flush the clients.
45464 : 2025-10-04 22:13:53,837 : INFO : telemetry.client : Flush client c4395b75-49cc-422c-bc95-c7d51aef5d46.
45464 : 2025-10-04 22:13:54,121 : INFO : telemetry.sender : Sending 4159 bytes
45464 : 2025-10-04 22:13:54,122 : INFO : telemetry.sender : Finish uploading in 0.283731 seconds.
60808 : 2025-10-04 22:14:04,166 : INFO : telemetry.main : Attempt start. Configuration directory [C:\Users\User\.azure]. Cache directory [C:\Users\User\.azure\telemetry\20251004221403684].
60808 : 2025-10-04 22:14:04,167 : INFO : telemetry.records : 1 cache files to upload.
60808 : 2025-10-04 22:14:04,214 : INFO : telemetry.records : Processed file C:\Users\User\.azure\telemetry\20251004221403684\cache into 1 records.
60808 : 2025-10-04 22:14:04,215 : INFO : telemetry.records : Remove directory C:\Users\User\.azure\telemetry\20251004221403684
60808 : 2025-10-04 22:14:04,331 : INFO : telemetry.client : Accumulated 1 events. Flush the clients.
60808 : 2025-10-04 22:14:04,331 : INFO : telemetry.client : Flush client c4395b75-49cc-422c-bc95-c7d51aef5d46.
60808 : 2025-10-04 22:14:04,612 : INFO : telemetry.sender : Sending 4213 bytes
60808 : 2025-10-04 22:14:04,613 : INFO : telemetry.sender : Finish uploading in 0.281040 seconds.
59924 : 2025-10-04 22:23:07,452 : INFO : telemetry.main : Attempt start. Configuration directory [C:\Users\User\.azure]. Cache directory [C:\Users\User\.azure\telemetry\20251004222306946].
59924 : 2025-10-04 22:23:07,452 : INFO : telemetry.records : 1 cache files to upload.
59924 : 2025-10-04 22:23:07,481 : INFO : telemetry.records : Processed file C:\Users\User\.azure\telemetry\20251004222306946\cache into 1 records.
59924 : 2025-10-04 22:23:07,482 : INFO : telemetry.records : Remove directory C:\Users\User\.azure\telemetry\20251004222306946
59924 : 2025-10-04 22:23:07,594 : INFO : telemetry.client : Accumulated 1 events. Flush the clients.
59924 : 2025-10-04 22:23:07,595 : INFO : telemetry.client : Flush client c4395b75-49cc-422c-bc95-c7d51aef5d46.
59924 : 2025-10-04 22:23:07,966 : INFO : telemetry.sender : Sending 4197 bytes
59924 : 2025-10-04 22:23:07,967 : INFO : telemetry.sender : Finish uploading in 0.371421 seconds.
51788 : 2025-10-04 22:27:41,152 : INFO : telemetry.main : Attempt start. Configuration directory [C:\Users\User\.azure]. Cache directory [C:\Users\User\.azure\telemetry\20251004222740662].
51788 : 2025-10-04 22:27:41,153 : INFO : telemetry.records : 1 cache files to upload.
51788 : 2025-10-04 22:27:41,185 : INFO : telemetry.records : Processed file C:\Users\User\.azure\telemetry\20251004222740662\cache into 1 records.
51788 : 2025-10-04 22:27:41,186 : INFO : telemetry.records : Remove directory C:\Users\User\.azure\telemetry\20251004222740662
51788 : 2025-10-04 22:27:41,292 : INFO : telemetry.client : Accumulated 1 events. Flush the clients.
51788 : 2025-10-04 22:27:41,292 : INFO : telemetry.client : Flush client c4395b75-49cc-422c-bc95-c7d51aef5d46.
51788 : 2025-10-04 22:27:41,613 : INFO : telemetry.sender : Sending 4221 bytes
51788 : 2025-10-04 22:27:41,614 : INFO : telemetry.sender : Finish uploading in 0.321447 seconds.
